#
# There is insufficient memory for the Java Runtime Environment to continue.
# Native memory allocation (mmap) failed to map 534773760 bytes for Failed to commit area from 0x0000000602000000 to 0x0000000621e00000 of length 534773760.
# Possible reasons:
#   The system is out of physical RAM or swap space
#   The process is running with CompressedOops enabled, and the Java Heap may be blocking the growth of the native heap
# Possible solutions:
#   Reduce memory load on the system
#   Increase physical memory or swap space
#   Check if swap backing store is full
#   Decrease Java heap size (-Xmx/-Xms)
#   Decrease number of Java threads
#   Decrease Java thread stack sizes (-Xss)
#   Set larger code cache with -XX:ReservedCodeCacheSize=
# This output file may be truncated or incomplete.
#
#  Out of Memory Error (./src/hotspot/os/windows/os_windows.cpp:3387), pid=47800, tid=7564
#
# JRE version:  (11.0.14.1+1) (build )
# Java VM: OpenJDK 64-Bit Server VM (11.0.14.1+1, mixed mode, sharing, tiered, compressed oops, g1 gc, windows-amd64)
# No core dump will be written. Minidumps are not enabled by default on client versions of Windows
#

---------------  S U M M A R Y ------------

Command Line: 

Host: AMD Ryzen 5 5500                               , 12 cores, 31G,  Windows 10 , 64 bit Build 19041 (10.0.19041.4842)
Time: Fri Oct 11 09:47:50 2024 Hora de verano romance elapsed time: 0.008605 seconds (0d 0h 0m 0s)

---------------  T H R E A D  ---------------

Current thread (0x0000025c4350d800):  JavaThread "Unknown thread" [_thread_in_vm, id=7564, stack(0x0000009700c00000,0x0000009700d00000)]

Stack: [0x0000009700c00000,0x0000009700d00000]
Native frames: (J=compiled Java code, j=interpreted, Vv=VM code, C=native code)
V  [jvm.dll+0x61e59a]
V  [jvm.dll+0x7aaca9]
V  [jvm.dll+0x7ac398]
V  [jvm.dll+0x7aca73]
V  [jvm.dll+0x24f9b8]
V  [jvm.dll+0x61b83a]
V  [jvm.dll+0x6100c5]
V  [jvm.dll+0x30772c]
V  [jvm.dll+0x3075b2]
V  [jvm.dll+0x30c2d6]
V  [jvm.dll+0x35272f]
V  [jvm.dll+0x352160]
V  [jvm.dll+0x2e4728]
V  [jvm.dll+0x2e5886]
V  [jvm.dll+0x784b07]
V  [jvm.dll+0x78628f]
V  [jvm.dll+0x35f479]
V  [jvm.dll+0x767aa0]
V  [jvm.dll+0x3ccf1f]
V  [jvm.dll+0x3cf2b1]
C  [jli.dll+0x5207]
C  [ucrtbase.dll+0x21bb2]
C  [KERNEL32.DLL+0x17374]
C  [ntdll.dll+0x4cc91]


---------------  P R O C E S S  ---------------

Threads class SMR info:
_java_thread_list=0x0000025c43420500, length=0, elements={
}

Java Threads: ( => current thread )

Other Threads:
  0x0000025c4569d000 GCTaskThread "GC Thread#0" [stack: 0x0000009700d00000,0x0000009700e00000] [id=19416]
  0x0000025c4571f000 ConcurrentGCThread "G1 Main Marker" [stack: 0x0000009700e00000,0x0000009700f00000] [id=37256]
  0x0000025c45721800 ConcurrentGCThread "G1 Conc#0" [stack: 0x0000009700f00000,0x0000009701000000] [id=31336]

[error occurred during error reporting (printing all threads), id 0xc0000005, EXCEPTION_ACCESS_VIOLATION (0xc0000005) at pc=0x00007ff94fa33ef7]

VM state:not at safepoint (not fully initialized)

VM Mutex/Monitor currently owned by a thread:  ([mutex/lock_event])
[0x0000025c456866b0] Heap_lock - owner thread: 0x0000025c4350d800

Heap address: 0x0000000602000000, size: 8160 MB, Compressed Oops mode: Non-zero based: 0x0000000602000000
Narrow klass base: 0x0000000000000000, Narrow klass shift: 0

GC Heap History (0 events):
No events

Deoptimization events (0 events):
No events

Classes redefined (0 events):
No events

Internal exceptions (0 events):
No events

Events (1 events):
Event: 0.006 Loaded shared library F:\unity\2022.3.49f1\Editor\Data\PlaybackEngines\AndroidPlayer\OpenJDK\bin\zip.dll


Dynamic libraries:
0x00007ff71a720000 - 0x00007ff71a72d000 	F:\unity\2022.3.49f1\Editor\Data\PlaybackEngines\AndroidPlayer\OpenJDK\bin\java.exe
0x00007ff9a4fd0000 - 0x00007ff9a51c8000 	C:\Windows\SYSTEM32\ntdll.dll
0x00007ff9a4080000 - 0x00007ff9a4141000 	C:\Windows\System32\KERNEL32.DLL
0x00007ff9a2af0000 - 0x00007ff9a2ded000 	C:\Windows\System32\KERNELBASE.dll
0x00007ff99ce50000 - 0x00007ff99cee4000 	C:\Windows\SYSTEM32\apphelp.dll
0x00007ff9a2e40000 - 0x00007ff9a2f40000 	C:\Windows\System32\ucrtbase.dll
0x00007ff993b50000 - 0x00007ff993b65000 	F:\unity\2022.3.49f1\Editor\Data\PlaybackEngines\AndroidPlayer\OpenJDK\bin\VCRUNTIME140.dll
0x00007ff9818c0000 - 0x00007ff9818d7000 	F:\unity\2022.3.49f1\Editor\Data\PlaybackEngines\AndroidPlayer\OpenJDK\bin\jli.dll
0x00007ff9a3990000 - 0x00007ff9a3b2d000 	C:\Windows\System32\USER32.dll
0x00007ff9a2f40000 - 0x00007ff9a2f62000 	C:\Windows\System32\win32u.dll
0x00007ff98e980000 - 0x00007ff98ec1a000 	C:\Windows\WinSxS\amd64_microsoft.windows.common-controls_6595b64144ccf1df_6.0.19041.4355_none_60b8b9eb71f62e16\COMCTL32.dll
0x00007ff9a4e00000 - 0x00007ff9a4e2b000 	C:\Windows\System32\GDI32.dll
0x00007ff9a3000000 - 0x00007ff9a309e000 	C:\Windows\System32\msvcrt.dll
0x00007ff9a29d0000 - 0x00007ff9a2ae7000 	C:\Windows\System32\gdi32full.dll
0x00007ff9a2890000 - 0x00007ff9a292d000 	C:\Windows\System32\msvcp_win.dll
0x00007ff9a4ce0000 - 0x00007ff9a4d0f000 	C:\Windows\System32\IMM32.DLL
0x00007ff95a080000 - 0x00007ff95a11b000 	F:\unity\2022.3.49f1\Editor\Data\PlaybackEngines\AndroidPlayer\OpenJDK\bin\msvcp140.dll
0x00007ff94f740000 - 0x00007ff9502c1000 	F:\unity\2022.3.49f1\Editor\Data\PlaybackEngines\AndroidPlayer\OpenJDK\bin\server\jvm.dll
0x00007ff9a4e30000 - 0x00007ff9a4ee0000 	C:\Windows\System32\ADVAPI32.dll
0x00007ff9a48c0000 - 0x00007ff9a4960000 	C:\Windows\System32\sechost.dll
0x00007ff9a3d50000 - 0x00007ff9a3e73000 	C:\Windows\System32\RPCRT4.dll
0x00007ff9a29a0000 - 0x00007ff9a29c7000 	C:\Windows\System32\bcrypt.dll
0x00007ff9a3920000 - 0x00007ff9a3928000 	C:\Windows\System32\PSAPI.DLL
0x00007ff946c80000 - 0x00007ff946c89000 	C:\Windows\SYSTEM32\WSOCK32.dll
0x00007ff9a3e80000 - 0x00007ff9a3eeb000 	C:\Windows\System32\WS2_32.dll
0x00007ff996e10000 - 0x00007ff996e37000 	C:\Windows\SYSTEM32\WINMM.dll
0x00007ff99a980000 - 0x00007ff99a98a000 	C:\Windows\SYSTEM32\VERSION.dll
0x00007ff9a0ed0000 - 0x00007ff9a0ee2000 	C:\Windows\SYSTEM32\kernel.appcore.dll
0x00007ff985c10000 - 0x00007ff985c20000 	F:\unity\2022.3.49f1\Editor\Data\PlaybackEngines\AndroidPlayer\OpenJDK\bin\verify.dll
0x00007ff9a0a10000 - 0x00007ff9a0bf4000 	C:\Windows\SYSTEM32\DBGHELP.DLL
0x00007ff999ed0000 - 0x00007ff999f04000 	C:\Windows\SYSTEM32\dbgcore.DLL
0x00007ff9a2f70000 - 0x00007ff9a2ff2000 	C:\Windows\System32\bcryptPrimitives.dll
0x00007ff97ed50000 - 0x00007ff97ed78000 	F:\unity\2022.3.49f1\Editor\Data\PlaybackEngines\AndroidPlayer\OpenJDK\bin\java.dll
0x00007ff981310000 - 0x00007ff98131a000 	F:\unity\2022.3.49f1\Editor\Data\PlaybackEngines\AndroidPlayer\OpenJDK\bin\jimage.dll
0x00007ff97faf0000 - 0x00007ff97fb08000 	F:\unity\2022.3.49f1\Editor\Data\PlaybackEngines\AndroidPlayer\OpenJDK\bin\zip.dll

dbghelp: loaded successfully - version: 4.0.5 - missing functions: none
symbol engine: initialized successfully - sym options: 0x614 - pdb path: .;F:\unity\2022.3.49f1\Editor\Data\PlaybackEngines\AndroidPlayer\OpenJDK\bin;C:\Windows\SYSTEM32;C:\Windows\WinSxS\amd64_microsoft.windows.common-controls_6595b64144ccf1df_6.0.19041.4355_none_60b8b9eb71f62e16;F:\unity\2022.3.49f1\Editor\Data\PlaybackEngines\AndroidPlayer\OpenJDK\bin\server

VM Arguments:
java_command: <unknown>
java_class_path (initial): <not set>
Launcher Type: SUN_STANDARD

[Global flags]
     intx CICompilerCount                          = 4                                         {product} {ergonomic}
     uint ConcGCThreads                            = 3                                         {product} {ergonomic}
     uint G1ConcRefinementThreads                  = 10                                        {product} {ergonomic}
   size_t G1HeapRegionSize                         = 2097152                                   {product} {ergonomic}
    uintx GCDrainStackTargetSize                   = 64                                        {product} {ergonomic}
   size_t InitialHeapSize                          = 534773760                                 {product} {ergonomic}
   size_t MarkStackSize                            = 4194304                                   {product} {ergonomic}
   size_t MaxHeapSize                              = 8556380160                                {product} {ergonomic}
   size_t MinHeapDeltaBytes                        = 2097152                                   {product} {ergonomic}
    uintx NonNMethodCodeHeapSize                   = 5836300                                {pd product} {ergonomic}
    uintx NonProfiledCodeHeapSize                  = 122910970                              {pd product} {ergonomic}
    uintx ProfiledCodeHeapSize                     = 122910970                              {pd product} {ergonomic}
    uintx ReservedCodeCacheSize                    = 251658240                              {pd product} {ergonomic}
     bool SegmentedCodeCache                       = true                                      {product} {ergonomic}
     bool UseCompressedClassPointers               = true                                 {lp64_product} {ergonomic}
     bool UseCompressedOops                        = true                                 {lp64_product} {ergonomic}
     bool UseG1GC                                  = true                                      {product} {ergonomic}
     bool UseLargePagesIndividualAllocation        = false                                  {pd product} {ergonomic}

Logging:
Log output configuration:
 #0: stdout all=warning uptime,level,tags
 #1: stderr all=off uptime,level,tags

Environment Variables:
JAVA_HOME=F:/unity/2022.3.49f1/Editor/Data/PlaybackEngines/AndroidPlayer\OpenJDK
PATH=C:\Program Files\Oculus\Support\oculus-runtime;C:\Windows\system32;C:\Windows;C:\Windows\System32\Wbem;C:\Windows\System32\WindowsPowerShell\v1.0\;C:\Windows\System32\OpenSSH\;C:\Program Files\NVIDIA Corporation\NVIDIA NvDLISR;C:\Program Files (x86)\NVIDIA Corporation\PhysX\Common;C:\Program Files\dotnet\;C:\Program Files (x86)\Windows Kits\10\Windows Performance Toolkit\;C:\Program Files\Git\cmd;C:\Users\super\AppData\Local\Programs\Python\Python310\Scripts\;C:\Users\super\AppData\Local\Programs\Python\Python310\;C:\Users\super\AppData\Local\Programs\Python\Python39\Scripts\;C:\Users\super\AppData\Local\Programs\Python\Python39\;C:\Users\super\miniconda3;C:\Users\super\miniconda3\Library\mingw-w64\bin;C:\Users\super\miniconda3\Library\usr\bin;C:\Users\super\miniconda3\Library\bin;C:\Users\super\miniconda3\Scripts;C:\Users\super\anaconda3;C:\Users\super\anaconda3\Library\mingw-w64\bin;C:\Users\super\anaconda3\Library\usr\bin;C:\Users\super\anaconda3\Library\bin;C:\Users\super\anaconda3\Scripts;C:\Users\super\AppData\Local\Microsoft\WindowsApps;C:\Users\super\AppData\Local\GitHubDesktop\bin;C:\Users\super\.dotnet\tools;C:\Users\super\AppData\Local\Programs\Microsoft VS Code\bin;C:\Users\super\AppData\Local\Muse Hub\lib
USERNAME=super
OS=Windows_NT
PROCESSOR_IDENTIFIER=AMD64 Family 25 Model 80 Stepping 0, AuthenticAMD



---------------  S Y S T E M  ---------------

OS: Windows 10 , 64 bit Build 19041 (10.0.19041.4842)
OS uptime: 27 days 8:53 hours

CPU:total 12 (initial active 12) (12 cores per cpu, 2 threads per core) family 25 model 80 stepping 0 microcode 0x0, cmov, cx8, fxsr, mmx, sse, sse2, sse3, ssse3, sse4.1, sse4.2, popcnt, avx, avx2, aes, clmul, erms, mmxext, 3dnowpref, lzcnt, sse4a, ht, tsc, tscinvbit, tscinv, bmi1, bmi2, adx, sha, fma

Memory: 4k page, system-wide physical 32636M (7625M free)
TotalPageFile size 93602M (AvailPageFile size 421M)
current process WorkingSet (physical memory assigned to process): 11M, peak: 11M
current process commit charge ("private bytes"): 65M, peak: 575M

vm_info: OpenJDK 64-Bit Server VM (11.0.14.1+1) for windows-amd64 JRE (11.0.14.1+1), built on Feb  9 2022 01:48:27 by "" with unknown MS VC++:1916

END.
